# JRE version: OpenJDK Runtime Environment Temurin-17.0.12+7 (17.0.12+7) (build 17.0.12+7)
# Java VM: OpenJDK 64-Bit Server VM Temurin-17.0.12+7 (17.0.12+7, mixed mode, tiered, compressed oops, compressed class ptrs, parallel gc, bsd-amd64)
Heap:
 PSYoungGen      total 21504K, used 21487K [0x00000007eab00000, 0x00000007ecf00000, 0x0000000800000000)
  eden space 15360K, 100% used [0x00000007eab00000,0x00000007eba00000,0x00000007eba00000)
  from space 6144K, 99% used [0x00000007ebc00000,0x00000007ec1fbfb0,0x00000007ec200000)
  to   space 10752K, 0% used [0x00000007ec480000,0x00000007ec480000,0x00000007ecf00000)
 ParOldGen       total 184320K, used 158217K [0x00000007c0000000, 0x00000007cb400000, 0x00000007eab00000)
  object space 184320K, 85% used [0x00000007c0000000,0x00000007c9a82510,0x00000007cb400000)
 Metaspace       used 68555K, committed 69824K, reserved 1114112K
  class space    used 7395K, committed 7936K, reserved 1048576K
GC Heap History (20 events):
Event: 76.670 GC heap before
{Heap before GC invocations=61 (full 4):
 PSYoungGen      total 16896K, used 14972K [0x00000007eab00000, 0x00000007ec080000, 0x0000000800000000)
  eden space 10752K, 99% used [0x00000007eab00000,0x00000007eb575728,0x00000007eb580000)
  from space 6144K, 69% used [0x00000007eb580000,0x00000007eb9a9990,0x00000007ebb80000)
  to   space 5120K, 0% used [0x00000007ebb80000,0x00000007ebb80000,0x00000007ec080000)
 ParOldGen       total 117248K, used 97272K [0x00000007c0000000, 0x00000007c7280000, 0x00000007eab00000)
  object space 117248K, 82% used [0x00000007c0000000,0x00000007c5efe3f8,0x00000007c7280000)
 Metaspace       used 65636K, committed 66816K, reserved 1114112K
  class space    used 7098K, committed 7616K, reserved 1048576K
}
Event: 76.691 GC heap after
{Heap after GC invocations=61 (full 4):
 PSYoungGen      total 14848K, used 5114K [0x00000007eab00000, 0x00000007ec480000, 0x0000000800000000)
  eden space 9728K, 0% used [0x00000007eab00000,0x00000007eab00000,0x00000007eb480000)
  from space 5120K, 99% used [0x00000007ebb80000,0x00000007ec07eb48,0x00000007ec080000)
  to   space 7168K, 0% used [0x00000007eb480000,0x00000007eb480000,0x00000007ebb80000)
 ParOldGen       total 117248K, used 98499K [0x00000007c0000000, 0x00000007c7280000, 0x00000007eab00000)
  object space 117248K, 84% used [0x00000007c0000000,0x00000007c6030c28,0x00000007c7280000)
 Metaspace       used 65636K, committed 66816K, reserved 1114112K
  class space    used 7098K, committed 7616K, reserved 1048576K
}
Event: 76.862 GC heap before
{Heap before GC invocations=62 (full 4):
 PSYoungGen      total 14848K, used 14842K [0x00000007eab00000, 0x00000007ec480000, 0x0000000800000000)
  eden space 9728K, 100% used [0x00000007eab00000,0x00000007eb480000,0x00000007eb480000)
  from space 5120K, 99% used [0x00000007ebb80000,0x00000007ec07eb48,0x00000007ec080000)
  to   space 7168K, 0% used [0x00000007eb480000,0x00000007eb480000,0x00000007ebb80000)
 ParOldGen       total 117248K, used 98500K [0x00000007c0000000, 0x00000007c7280000, 0x00000007eab00000)
  object space 117248K, 84% used [0x00000007c0000000,0x00000007c60311f8,0x00000007c7280000)
 Metaspace       used 65660K, committed 66816K, reserved 1114112K
  class space    used 7099K, committed 7616K, reserved 1048576K
}
Event: 76.893 GC heap after
{Heap after GC invocations=62 (full 4):
 PSYoungGen      total 16896K, used 5590K [0x00000007eab00000, 0x00000007ec280000, 0x0000000800000000)
  eden space 9728K, 0% used [0x00000007eab00000,0x00000007eab00000,0x00000007eb480000)
  from space 7168K, 77% used [0x00000007eb480000,0x00000007eb9f5b88,0x00000007ebb80000)
  to   space 6144K, 0% used [0x00000007ebc80000,0x00000007ebc80000,0x00000007ec280000)
 ParOldGen       total 117248K, used 100591K [0x00000007c0000000, 0x00000007c7280000, 0x00000007eab00000)
  object space 117248K, 85% used [0x00000007c0000000,0x00000007c623bd20,0x00000007c7280000)
 Metaspace       used 65660K, committed 66816K, reserved 1114112K
  class space    used 7099K, committed 7616K, reserved 1048576K
}
Event: 76.977 GC heap before
{Heap before GC invocations=63 (full 4):
 PSYoungGen      total 16896K, used 15318K [0x00000007eab00000, 0x00000007ec280000, 0x0000000800000000)
  eden space 9728K, 100% used [0x00000007eab00000,0x00000007eb480000,0x00000007eb480000)
  from space 7168K, 77% used [0x00000007eb480000,0x00000007eb9f5b88,0x00000007ebb80000)
  to   space 6144K, 0% used [0x00000007ebc80000,0x00000007ebc80000,0x00000007ec280000)
 ParOldGen       total 117248K, used 100618K [0x00000007c0000000, 0x00000007c7280000, 0x00000007eab00000)
  object space 117248K, 85% used [0x00000007c0000000,0x00000007c6242b30,0x00000007c7280000)
 Metaspace       used 65767K, committed 66944K, reserved 1114112K
  class space    used 7108K, committed 7616K, reserved 1048576K
}
Event: 77.008 GC heap after
{Heap after GC invocations=63 (full 4):
 PSYoungGen      total 16384K, used 5410K [0x00000007eab00000, 0x00000007ec200000, 0x0000000800000000)
  eden space 10752K, 0% used [0x00000007eab00000,0x00000007eab00000,0x00000007eb580000)
  from space 5632K, 96% used [0x00000007ebc80000,0x00000007ec1c8bf0,0x00000007ec200000)
  to   space 5632K, 0% used [0x00000007eb700000,0x00000007eb700000,0x00000007ebc80000)
 ParOldGen       total 117248K, used 104448K [0x00000007c0000000, 0x00000007c7280000, 0x00000007eab00000)
  object space 117248K, 89% used [0x00000007c0000000,0x00000007c6600340,0x00000007c7280000)
 Metaspace       used 65767K, committed 66944K, reserved 1114112K
  class space    used 7108K, committed 7616K, reserved 1048576K
}
Event: 77.097 GC heap before
{Heap before GC invocations=64 (full 4):
 PSYoungGen      total 16384K, used 16162K [0x00000007eab00000, 0x00000007ec200000, 0x0000000800000000)
  eden space 10752K, 100% used [0x00000007eab00000,0x00000007eb580000,0x00000007eb580000)
  from space 5632K, 96% used [0x00000007ebc80000,0x00000007ec1c8bf0,0x00000007ec200000)
  to   space 5632K, 0% used [0x00000007eb700000,0x00000007eb700000,0x00000007ebc80000)
 ParOldGen       total 117248K, used 104448K [0x00000007c0000000, 0x00000007c7280000, 0x00000007eab00000)
  object space 117248K, 89% used [0x00000007c0000000,0x00000007c6600340,0x00000007c7280000)
 Metaspace       used 65868K, committed 67008K, reserved 1114112K
  class space    used 7117K, committed 7616K, reserved 1048576K
}
Event: 77.146 GC heap after
{Heap after GC invocations=64 (full 4):
 PSYoungGen      total 17920K, used 5601K [0x00000007eab00000, 0x00000007ed500000, 0x0000000800000000)
  eden space 12288K, 0% used [0x00000007eab00000,0x00000007eab00000,0x00000007eb700000)
  from space 5632K, 99% used [0x00000007eb700000,0x00000007ebc784f8,0x00000007ebc80000)
  to   space 15360K, 0% used [0x00000007ec600000,0x00000007ec600000,0x00000007ed500000)
 ParOldGen       total 117248K, used 112480K [0x00000007c0000000, 0x00000007c7280000, 0x00000007eab00000)
  object space 117248K, 95% used [0x00000007c0000000,0x00000007c6dd8040,0x00000007c7280000)
 Metaspace       used 65868K, committed 67008K, reserved 1114112K
  class space    used 7117K, committed 7616K, reserved 1048576K
}
Event: 77.146 GC heap before
{Heap before GC invocations=65 (full 5):
 PSYoungGen      total 17920K, used 5601K [0x00000007eab00000, 0x00000007ed500000, 0x0000000800000000)
  eden space 12288K, 0% used [0x00000007eab00000,0x00000007eab00000,0x00000007eb700000)
  from space 5632K, 99% used [0x00000007eb700000,0x00000007ebc784f8,0x00000007ebc80000)
  to   space 15360K, 0% used [0x00000007ec600000,0x00000007ec600000,0x00000007ed500000)
 ParOldGen       total 117248K, used 112480K [0x00000007c0000000, 0x00000007c7280000, 0x00000007eab00000)
  object space 117248K, 95% used [0x00000007c0000000,0x00000007c6dd8040,0x00000007c7280000)
 Metaspace       used 65868K, committed 67008K, reserved 1114112K
  class space    used 7117K, committed 7616K, reserved 1048576K
}
Event: 77.604 GC heap after
{Heap after GC invocations=65 (full 5):
 PSYoungGen      total 27648K, used 0K [0x00000007eab00000, 0x00000007ed700000, 0x0000000800000000)
  eden space 12288K, 0% used [0x00000007eab00000,0x00000007eab00000,0x00000007eb700000)
  from space 15360K, 0% used [0x00000007ec600000,0x00000007ec600000,0x00000007ed500000)
  to   space 15360K, 0% used [0x00000007eb700000,0x00000007eb700000,0x00000007ec600000)
 ParOldGen       total 184320K, used 110116K [0x00000007c0000000, 0x00000007cb400000, 0x00000007eab00000)
  object space 184320K, 59% used [0x00000007c0000000,0x00000007c6b89348,0x00000007cb400000)
 Metaspace       used 65868K, committed 67008K, reserved 1114112K
  class space    used 7117K, committed 7616K, reserved 1048576K
}
Event: 79.221 GC heap before
{Heap before GC invocations=66 (full 5):
 PSYoungGen      total 27648K, used 12288K [0x00000007eab00000, 0x00000007ed700000, 0x0000000800000000)
  eden space 12288K, 100% used [0x00000007eab00000,0x00000007eb700000,0x00000007eb700000)
  from space 15360K, 0% used [0x00000007ec600000,0x00000007ec600000,0x00000007ed500000)
  to   space 15360K, 0% used [0x00000007eb700000,0x00000007eb700000,0x00000007ec600000)
 ParOldGen       total 184320K, used 125440K [0x00000007c0000000, 0x00000007cb400000, 0x00000007eab00000)
  object space 184320K, 68% used [0x00000007c0000000,0x00000007c7a80048,0x00000007cb400000)
 Metaspace       used 66782K, committed 68032K, reserved 1114112K
  class space    used 7199K, committed 7744K, reserved 1048576K
}
Event: 79.245 GC heap after
{Heap after GC invocations=66 (full 5):
 PSYoungGen      total 14336K, used 1679K [0x00000007eab00000, 0x00000007ec680000, 0x0000000800000000)
  eden space 12288K, 0% used [0x00000007eab00000,0x00000007eab00000,0x00000007eb700000)
  from space 2048K, 82% used [0x00000007eb700000,0x00000007eb8a3db8,0x00000007eb900000)
  to   space 6144K, 0% used [0x00000007ec080000,0x00000007ec080000,0x00000007ec680000)
 ParOldGen       total 184320K, used 125448K [0x00000007c0000000, 0x00000007cb400000, 0x00000007eab00000)
  object space 184320K, 68% used [0x00000007c0000000,0x00000007c7a82048,0x00000007cb400000)
 Metaspace       used 66782K, committed 68032K, reserved 1114112K
  class space    used 7199K, committed 7744K, reserved 1048576K
}
Event: 79.992 GC heap before
{Heap before GC invocations=67 (full 5):
 PSYoungGen      total 14336K, used 13967K [0x00000007eab00000, 0x00000007ec680000, 0x0000000800000000)
  eden space 12288K, 100% used [0x00000007eab00000,0x00000007eb700000,0x00000007eb700000)
  from space 2048K, 82% used [0x00000007eb700000,0x00000007eb8a3db8,0x00000007eb900000)
  to   space 6144K, 0% used [0x00000007ec080000,0x00000007ec080000,0x00000007ec680000)
 ParOldGen       total 184320K, used 147468K [0x00000007c0000000, 0x00000007cb400000, 0x00000007eab00000)
  object space 184320K, 80% used [0x00000007c0000000,0x00000007c9003160,0x00000007cb400000)
 Metaspace       used 67127K, committed 68288K, reserved 1114112K
  class space    used 7241K, committed 7744K, reserved 1048576K
}
Event: 80.013 GC heap after
{Heap after GC invocations=67 (full 5):
 PSYoungGen      total 18432K, used 4252K [0x00000007eab00000, 0x00000007ec500000, 0x0000000800000000)
  eden space 13824K, 0% used [0x00000007eab00000,0x00000007eab00000,0x00000007eb880000)
  from space 4608K, 92% used [0x00000007ec080000,0x00000007ec4a7000,0x00000007ec500000)
  to   space 5120K, 0% used [0x00000007ebb00000,0x00000007ebb00000,0x00000007ec000000)
 ParOldGen       total 184320K, used 147468K [0x00000007c0000000, 0x00000007cb400000, 0x00000007eab00000)
  object space 184320K, 80% used [0x00000007c0000000,0x00000007c9003160,0x00000007cb400000)
 Metaspace       used 67127K, committed 68288K, reserved 1114112K
  class space    used 7241K, committed 7744K, reserved 1048576K
}
Event: 80.629 GC heap before
{Heap before GC invocations=68 (full 5):
 PSYoungGen      total 18432K, used 18075K [0x00000007eab00000, 0x00000007ec500000, 0x0000000800000000)
  eden space 13824K, 99% used [0x00000007eab00000,0x00000007eb87fe50,0x00000007eb880000)
  from space 4608K, 92% used [0x00000007ec080000,0x00000007ec4a7000,0x00000007ec500000)
  to   space 5120K, 0% used [0x00000007ebb00000,0x00000007ebb00000,0x00000007ec000000)
 ParOldGen       total 184320K, used 147468K [0x00000007c0000000, 0x00000007cb400000, 0x00000007eab00000)
  object space 184320K, 80% used [0x00000007c0000000,0x00000007c9003160,0x00000007cb400000)
 Metaspace       used 67470K, committed 68672K, reserved 1114112K
  class space    used 7294K, committed 7808K, reserved 1048576K
}
Event: 80.660 GC heap after
{Heap after GC invocations=68 (full 5):
 PSYoungGen      total 20480K, used 5101K [0x00000007eab00000, 0x00000007ecb00000, 0x0000000800000000)
  eden space 15360K, 0% used [0x00000007eab00000,0x00000007eab00000,0x00000007eba00000)
  from space 5120K, 99% used [0x00000007ebb00000,0x00000007ebffb438,0x00000007ec000000)
  to   space 8704K, 0% used [0x00000007ec280000,0x00000007ec280000,0x00000007ecb00000)
 ParOldGen       total 184320K, used 150116K [0x00000007c0000000, 0x00000007cb400000, 0x00000007eab00000)
  object space 184320K, 81% used [0x00000007c0000000,0x00000007c92990e0,0x00000007cb400000)
 Metaspace       used 67470K, committed 68672K, reserved 1114112K
  class space    used 7294K, committed 7808K, reserved 1048576K
}
Event: 81.914 GC heap before
{Heap before GC invocations=69 (full 5):
 PSYoungGen      total 20480K, used 20461K [0x00000007eab00000, 0x00000007ecb00000, 0x0000000800000000)
  eden space 15360K, 100% used [0x00000007eab00000,0x00000007eba00000,0x00000007eba00000)
  from space 5120K, 99% used [0x00000007ebb00000,0x00000007ebffb438,0x00000007ec000000)
  to   space 8704K, 0% used [0x00000007ec280000,0x00000007ec280000,0x00000007ecb00000)
 ParOldGen       total 184320K, used 150116K [0x00000007c0000000, 0x00000007cb400000, 0x00000007eab00000)
  object space 184320K, 81% used [0x00000007c0000000,0x00000007c92990e0,0x00000007cb400000)
 Metaspace       used 68063K, committed 69312K, reserved 1114112K
  class space    used 7367K, committed 7872K, reserved 1048576K
}
Event: 81.944 GC heap after
{Heap after GC invocations=69 (full 5):
 PSYoungGen      total 20992K, used 5199K [0x00000007eab00000, 0x00000007ec800000, 0x0000000800000000)
  eden space 15360K, 0% used [0x00000007eab00000,0x00000007eab00000,0x00000007eba00000)
  from space 5632K, 92% used [0x00000007ec280000,0x00000007ec793f98,0x00000007ec800000)
  to   space 6144K, 0% used [0x00000007ebc00000,0x00000007ebc00000,0x00000007ec200000)
 ParOldGen       total 184320K, used 154769K [0x00000007c0000000, 0x00000007cb400000, 0x00000007eab00000)
  object space 184320K, 83% used [0x00000007c0000000,0x00000007c9724560,0x00000007cb400000)
 Metaspace       used 68063K, committed 69312K, reserved 1114112K
  class space    used 7367K, committed 7872K, reserved 1048576K
}
Event: 82.498 GC heap before
{Heap before GC invocations=70 (full 5):
 PSYoungGen      total 20992K, used 20557K [0x00000007eab00000, 0x00000007ec800000, 0x0000000800000000)
  eden space 15360K, 99% used [0x00000007eab00000,0x00000007eb9ff510,0x00000007eba00000)
  from space 5632K, 92% used [0x00000007ec280000,0x00000007ec793f98,0x00000007ec800000)
  to   space 6144K, 0% used [0x00000007ebc00000,0x00000007ebc00000,0x00000007ec200000)
 ParOldGen       total 184320K, used 154769K [0x00000007c0000000, 0x00000007cb400000, 0x00000007eab00000)
  object space 184320K, 83% used [0x00000007c0000000,0x00000007c9724560,0x00000007cb400000)
 Metaspace       used 68502K, committed 69760K, reserved 1114112K
  class space    used 7395K, committed 7936K, reserved 1048576K
}
Event: 82.522 GC heap after
{Heap after GC invocations=70 (full 5):
 PSYoungGen      total 21504K, used 6127K [0x00000007eab00000, 0x00000007ecf00000, 0x0000000800000000)
  eden space 15360K, 0% used [0x00000007eab00000,0x00000007eab00000,0x00000007eba00000)
  from space 6144K, 99% used [0x00000007ebc00000,0x00000007ec1fbfb0,0x00000007ec200000)
  to   space 10752K, 0% used [0x00000007ec480000,0x00000007ec480000,0x00000007ecf00000)
 ParOldGen       total 184320K, used 158217K [0x00000007c0000000, 0x00000007cb400000, 0x00000007eab00000)
  object space 184320K, 85% used [0x00000007c0000000,0x00000007c9a82510,0x00000007cb400000)
 Metaspace       used 68502K, committed 69760K, reserved 1114112K
  class space    used 7395K, committed 7936K, reserved 1048576K
}

